<?xml version="1.0" encoding="UTF-8"?>
<!-- Generated by org.testng.reporters.JUnitReportReporter -->
<testsuite hostname="LAPTOP-GS7D5EG6" failures="0" tests="5" name="demo.MerchantETest" time="4.953" errors="0" timestamp="08 Nov 2022 11:26:24 GMT" skipped="0">
  <testcase classname="demo.MerchantETest" name="PostAddUsers" time="2.152"/>
  <testcase classname="demo.MerchantETest" name="PostAddUsers" time="0.489"/>
  <testcase classname="demo.MerchantETest" name="loginUser" time="0.479"/>
  <testcase classname="demo.MerchantETest" name="getUserById" time="1.339"/>
  <testcase classname="demo.MerchantETest" name="PostAddUsers" time="0.494"/>
</testsuite> <!-- demo.MerchantETest -->
